Green Market/proguard/seeds.txt
com.integra.dealcaller.AbstractClass
com.integra.dealcaller.AbstractClass: AbstractClass()
com.integra.dealcaller.AddComment
com.integra.dealcaller.AddComment: AddComment()
com.integra.dealcaller.AddItemToShowcase
com.integra.dealcaller.AddItemToShowcase: AddItemToShowcase()
com.integra.dealcaller.AddItemToShowcase$1: void onClick(android.view.View)
com.integra.dealcaller.AddItemToShowcase$2: void onClick(android.view.View)
com.integra.dealcaller.AddItemToShowcase$3: void onClick(android.view.View)
com.integra.dealcaller.AddItemToShowcase$4: void onClick(android.view.View)
com.integra.dealcaller.AddItemToShowcase$5: void onClick(android.view.View)
com.integra.dealcaller.AddItemToShowcase$6: void onClick(android.view.View)
com.integra.dealcaller.AddItemToShowcase$7: void onClick(android.view.View)
com.integra.dealcaller.AddItemToShowcase$8: void onClick(android.view.View)
com.integra.dealcaller.AddItemToShowcase$9: void onClick(android.content.DialogInterface,int)
com.integra.dealcaller.AdsItem
com.integra.dealcaller.AdsItem: AdsItem()
com.integra.dealcaller.AdsItem: AdsItem(int,java.lang.String,java.lang.String,java.lang.String,java.lang.String,java.lang.String,java.lang.String,java.lang.String,java.lang.String,java.lang.String,java.lang.String,java.lang.String,java.lang.String,java.lang.String,java.lang.String,java.lang.String,java.lang.String,java.lang.String,java.lang.String,java.lang.String,java.lang.String,java.lang.String,java.lang.String)
com.integra.dealcaller.AdsListAdapter4: void onClick(android.view.View)
com.integra.dealcaller.AlertDialogManager
com.integra.dealcaller.AlertDialogManager: AlertDialogManager()
com.integra.dealcaller.AlertDialogManager$1: void onClick(android.content.DialogInterface,int)
com.integra.dealcaller.AllPosts
com.integra.dealcaller.AllPosts: AllPosts()
com.integra.dealcaller.AllProductsActivity
com.integra.dealcaller.AllProductsActivity: AllProductsActivity()
com.integra.dealcaller.AndroidMultiPartEntity
com.integra.dealcaller.AndroidMultiPartEntity: AndroidMultiPartEntity(com.integra.dealcaller.AndroidMultiPartEntity$ProgressListener)
com.integra.dealcaller.AndroidMultiPartEntity: AndroidMultiPartEntity(org.apache.http.entity.mime.HttpMultipartMode,com.integra.dealcaller.AndroidMultiPartEntity$ProgressListener)
com.integra.dealcaller.AndroidMultiPartEntity: AndroidMultiPartEntity(org.apache.http.entity.mime.HttpMultipartMode,java.lang.String,java.nio.charset.Charset,com.integra.dealcaller.AndroidMultiPartEntity$ProgressListener)
com.integra.dealcaller.AnimationTour
com.integra.dealcaller.AnimationTour: AnimationTour()
com.integra.dealcaller.AppController
com.integra.dealcaller.AppController: AppController()
com.integra.dealcaller.ArrayAdapterWithIcon
com.integra.dealcaller.ArrayAdapterWithIcon: ArrayAdapterWithIcon(android.content.Context,java.util.List,java.util.List)
com.integra.dealcaller.ArrayAdapterWithIcon: ArrayAdapterWithIcon(android.content.Context,java.lang.String[],java.lang.Integer[])
com.integra.dealcaller.AsyncTask
com.integra.dealcaller.AsyncTask: AsyncTask()
com.integra.dealcaller.AsyncTask$Status: com.integra.dealcaller.AsyncTask$Status[] values()
com.integra.dealcaller.AsyncTask$Status: com.integra.dealcaller.AsyncTask$Status valueOf(java.lang.String)
com.integra.dealcaller.AuthenticatorActivity
com.integra.dealcaller.AuthenticatorActivity: AuthenticatorActivity()
com.integra.dealcaller.AuthenticatorActivity$1: void onClick(android.view.View)
com.integra.dealcaller.AuthenticatorActivity$2: void onClick(android.view.View)
...
android.support.v7.widget.SuggestionsAdapter: void onClick(android.view.View)
android.support.v7.widget.SwitchCompat: void setSwitchTypeface(android.graphics.Typeface)
android.support.v7.widget.SwitchCompat: void setSwitchPadding(int)
android.support.v7.widget.SwitchCompat: int getSwitchPadding()
android.support.v7.widget.SwitchCompat: void setSwitchMinWidth(int)
android.support.v7.widget.SwitchCompat: int getSwitchMinWidth()
android.support.v7.widget.SwitchCompat: void setThumbTextPadding(int)
android.support.v7.widget.SwitchCompat: int getThumbTextPadding()
android.support.v7.widget.SwitchCompat: void setTrackDrawable(android.graphics.drawable.Drawable)
android.support.v7.widget.SwitchCompat: void setTrackResource(int)
android.support.v7.widget.SwitchCompat: android.graphics.drawable.Drawable getTrackDrawable()
android.support.v7.widget.SwitchCompat: void setThumbDrawable(android.graphics.drawable.Drawable)
android.support.v7.widget.SwitchCompat: void setThumbResource(int)
android.support.v7.widget.SwitchCompat: android.graphics.drawable.Drawable getThumbDrawable()
android.support.v7.widget.SwitchCompat: void setSplitTrack(boolean)
android.support.v7.widget.SwitchCompat: boolean getSplitTrack()
android.support.v7.widget.SwitchCompat: java.lang.CharSequence getTextOn()
android.support.v7.widget.SwitchCompat: void setTextOn(java.lang.CharSequence)
android.support.v7.widget.SwitchCompat: java.lang.CharSequence getTextOff()
android.support.v7.widget.SwitchCompat: void setTextOff(java.lang.CharSequence)
android.support.v7.widget.Toolbar
android.support.v7.widget.Toolbar: Toolbar(android.content.Context)
android.support.v7.widget.Toolbar: Toolbar(android.content.Context,android.util.AttributeSet)
android.support.v7.widget.Toolbar: Toolbar(android.content.Context,android.util.AttributeSet,int)
android.support.v7.widget.Toolbar: void setPopupTheme(int)
android.support.v7.widget.Toolbar: int getPopupTheme()
android.support.v7.widget.Toolbar: void setLogo(int)
android.support.v7.widget.Toolbar: void setLogo(android.graphics.drawable.Drawable)
android.support.v7.widget.Toolbar: android.graphics.drawable.Drawable getLogo()
android.support.v7.widget.Toolbar: void setLogoDescription(int)
android.support.v7.widget.Toolbar: void setLogoDescription(java.lang.CharSequence)
android.support.v7.widget.Toolbar: java.lang.CharSequence getLogoDescription()
android.support.v7.widget.Toolbar: java.lang.CharSequence getTitle()
android.support.v7.widget.Toolbar: void setTitle(int)
android.support.v7.widget.Toolbar: void setTitle(java.lang.CharSequence)
android.support.v7.widget.Toolbar: java.lang.CharSequence getSubtitle()
android.support.v7.widget.Toolbar: void setSubtitle(int)
android.support.v7.widget.Toolbar: void setSubtitle(java.lang.CharSequence)
android.support.v7.widget.Toolbar: void setTitleTextColor(int)
android.support.v7.widget.Toolbar: void setSubtitleTextColor(int)
android.support.v7.widget.Toolbar: java.lang.CharSequence getNavigationContentDescription()
android.support.v7.widget.Toolbar$3: void onClick(android.view.View)
android.support.v7.widget.Toolbar$SavedState
android.support.v7.widget.Toolbar$SavedState: android.os.Parcelable$Creator CREATOR
butterknife.ButterKnife$Finder: butterknife.ButterKnife$Finder[] values()
butterknife.ButterKnife$Finder: butterknife.ButterKnife$Finder valueOf(java.lang.String)
butterknife.OnItemSelected$Callback: butterknife.OnItemSelected$Callback[] values()
butterknife.OnItemSelected$Callback: butterknife.OnItemSelected$Callback valueOf(java.lang.String)
butterknife.OnPageChange$Callback: butterknife.OnPageChange$Callback[] values()
butterknife.OnPageChange$Callback: butterknife.OnPageChange$Callback valueOf(java.lang.String)
butterknife.OnTextChanged$Callback: butterknife.OnTextChanged$Callback[] values()
butterknife.OnTextChanged$Callback: butterknife.OnTextChanged$Callback valueOf(java.lang.String)