Green Market/proguard/mapping.txt
com.integra.dealcaller.AbstractClass -> com.integra.dealcaller.AbstractClass:
    android.widget.TextView lblMessage -> a
    android.os.AsyncTask mRegisterTask -> b
    com.integra.dealcaller.AlertDialogManager alert -> c
    com.integra.dealcaller.ConnectionDetector cd -> d
    android.content.BroadcastReceiver mHandleMessageReceiver -> e
    void onCreate(android.os.Bundle) -> onCreate
    void onDestroy() -> onDestroy
com.integra.dealcaller.AbstractClass$1 -> com.integra.dealcaller.a:
    com.integra.dealcaller.AbstractClass this$0 -> a
    void onReceive(android.content.Context,android.content.Intent) -> onReceive
com.integra.dealcaller.AbstractClass$2 -> com.integra.dealcaller.b:
    com.integra.dealcaller.AbstractClass this$0 -> a
    java.lang.Void doInBackground(java.lang.Void[]) -> a
    void onPostExecute(java.lang.Void) -> a
    void onPostExecute(java.lang.Object) -> onPostExecute
    java.lang.Object doInBackground(java.lang.Object[]) -> doInBackground
com.integra.dealcaller.AccountGeneral -> com.integra.dealcaller.c:
    com.integra.dealcaller.ServerAuthenticate sServerAuthenticate -> a
com.integra.dealcaller.AddComment -> com.integra.dealcaller.AddComment:
    java.lang.String TAG -> p
    java.lang.String name -> i
    java.lang.String image -> j
    com.android.volley.toolbox.ImageLoader imageLoader -> k
    java.lang.String final_image -> l
    android.content.SharedPreferences prefs -> q
    android.widget.EditText InputStatus -> m
    android.widget.ProgressBar progressBar -> r
    java.lang.String postType -> n
    com.integra.dealcaller.RoundedImageVieww bigimage -> s
    long totalSize -> o
    void onCreate(android.os.Bundle) -> onCreate
    boolean onCreateOptionsMenu(android.view.Menu) -> onCreateOptionsMenu
    boolean onOptionsItemSelected(android.view.MenuItem) -> onOptionsItemSelected
    void hideKeyBoard(android.widget.EditText) -> a
    android.view.View onCreateView(android.view.View,java.lang.String,android.content.Context,android.util.AttributeSet) -> onCreateView
    android.view.View onCreateView(java.lang.String,android.content.Context,android.util.AttributeSet) -> onCreateView
    java.lang.String access$2() -> k
com.integra.dealcaller.AddComment$Share -> com.integra.dealcaller.d:
    java.lang.String response -> a
    com.integra.dealcaller.AddComment this$0 -> b
    void onPreExecute() -> onPreExecute
    java.lang.String doInBackground(java.lang.String[]) -> a
    void onPostExecute(java.lang.String) -> a
    void onPostExecute(java.lang.Object) -> onPostExecute
    java.lang.Object doInBackground(java.lang.Object[]) -> doInBackground
    com.integra.dealcaller.AddComment access$2(com.integra.dealcaller.AddComment$Share) -> a
com.integra.dealcaller.AddComment$Share$1 -> com.integra.dealcaller.e:
    com.integra.dealcaller.AddComment$Share this$1 -> a
    void onResponse(org.json.JSONObject) -> a
    void onResponse(java.lang.Object) -> a
com.integra.dealcaller.AddComment$Share$2 -> com.integra.dealcaller.f:
    com.integra.dealcaller.AddComment$Share this$1 -> a
    void onErrorResponse(com.android.volley.VolleyError) -> a
...
android.support.v4.app.FragmentState$1 -> android.support.v4.app.au:
    android.support.v4.app.FragmentState createFromParcel(android.os.Parcel) -> a
    android.support.v4.app.FragmentState[] newArray(int) -> a
    java.lang.Object[] newArray(int) -> newArray
    java.lang.Object createFromParcel(android.os.Parcel) -> createFromParcel
android.support.v4.app.FragmentTabHost -> android.support.v4.app.FragmentTabHost:
    java.util.ArrayList mTabs -> a
    android.content.Context mContext -> b
    android.support.v4.app.FragmentManager mFragmentManager -> c
    int mContainerId -> d
    android.widget.TabHost$OnTabChangeListener mOnTabChangeListener -> e
    android.support.v4.app.FragmentTabHost$TabInfo mLastTab -> f
    boolean mAttached -> g
    void setup() -> setup
    void setOnTabChangedListener(android.widget.TabHost$OnTabChangeListener) -> setOnTabChangedListener
    void onAttachedToWindow() -> onAttachedToWindow
    void onDetachedFromWindow() -> onDetachedFromWindow
    android.os.Parcelable onSaveInstanceState() -> onSaveInstanceState
    void onRestoreInstanceState(android.os.Parcelable) -> onRestoreInstanceState
    void onTabChanged(java.lang.String) -> onTabChanged
    android.support.v4.app.FragmentTransaction doTabChanged(java.lang.String,android.support.v4.app.FragmentTransaction) -> a
android.support.v4.app.FragmentTabHost$1 -> android.support.v4.app.av:
android.support.v4.app.FragmentTabHost$SavedState -> android.support.v4.app.FragmentTabHost$SavedState:
    java.lang.String curTab -> a
    android.os.Parcelable$Creator CREATOR -> CREATOR
    void writeToParcel(android.os.Parcel,int) -> writeToParcel
    java.lang.String toString() -> toString
android.support.v4.app.FragmentTabHost$SavedState$1 -> android.support.v4.app.aw:
    android.support.v4.app.FragmentTabHost$SavedState createFromParcel(android.os.Parcel) -> a
    android.support.v4.app.FragmentTabHost$SavedState[] newArray(int) -> a
    java.lang.Object[] newArray(int) -> newArray
    java.lang.Object createFromParcel(android.os.Parcel) -> createFromParcel
android.support.v4.app.FragmentTabHost$TabInfo -> android.support.v4.app.ax:
    java.lang.String tag -> a
    java.lang.Class clss -> b
    android.os.Bundle args -> c
    android.support.v4.app.Fragment fragment -> d
    android.support.v4.app.Fragment access$102(android.support.v4.app.FragmentTabHost$TabInfo,android.support.v4.app.Fragment) -> a
    android.support.v4.app.Fragment access$100(android.support.v4.app.FragmentTabHost$TabInfo) -> a
    java.lang.String access$200(android.support.v4.app.FragmentTabHost$TabInfo) -> b
    java.lang.Class access$300(android.support.v4.app.FragmentTabHost$TabInfo) -> c
    android.os.Bundle access$400(android.support.v4.app.FragmentTabHost$TabInfo) -> d
android.support.v4.app.FragmentTransaction -> android.support.v4.app.ay:
    android.support.v4.app.FragmentTransaction add(int,android.support.v4.app.Fragment) -> a
    android.support.v4.app.FragmentTransaction add(int,android.support.v4.app.Fragment,java.lang.String) -> a
    android.support.v4.app.FragmentTransaction detach(android.support.v4.app.Fragment) -> a
    android.support.v4.app.FragmentTransaction attach(android.support.v4.app.Fragment) -> b
    int commit() -> a
    int commitAllowingStateLoss() -> b