Green Market/proguard/usage.txt
com.integra.dealcaller.AbstractClass:
    public static java.lang.String name
    public static java.lang.String email
com.integra.dealcaller.AccountGeneral:
    public static final java.lang.String ACCOUNT_TYPE
    public static final java.lang.String ACCOUNT_NAME
    public static final java.lang.String AUTHTOKEN_TYPE_READ_ONLY
    public static final java.lang.String AUTHTOKEN_TYPE_READ_ONLY_LABEL
    public static final java.lang.String AUTHTOKEN_TYPE_FULL_ACCESS
    public static final java.lang.String AUTHTOKEN_TYPE_FULL_ACCESS_LABEL
    9:9:public AccountGeneral()
com.integra.dealcaller.AddComment:
    private android.widget.ImageView capture1
    private android.net.Uri fileUri
    private static final int CAMERA_CAPTURE_IMAGE_REQUEST_CODE
    public static final int MEDIA_TYPE_IMAGE
    public static final int MEDIA_TYPE_VIDEO
    public static final java.lang.String url_share_photo
    private static final java.lang.String TAG_SUCCESS
    private static java.lang.String filePath
    private static java.lang.String fileName
    public static java.lang.String status
    public static java.lang.String profilePic
    public static java.lang.String from_email
    private android.widget.ImageView to_choose
    private static final int REQUEST_CODE
    private android.graphics.Bitmap bitmap
com.integra.dealcaller.AddItemToShowcase:
    private static final int CAMERA_CAPTURE_IMAGE_REQUEST_CODE
    public static final int MEDIA_TYPE_IMAGE
    public static final int MEDIA_TYPE_VIDEO
    public static final java.lang.String url_share_photo
    private static final java.lang.String TAG_SUCCESS
    private static java.lang.String fileName
    private static final int REQUEST_CODE
    private static final int REQUEST_CODE2
    private static final int REQUEST_CODE3
    private static final int REQUEST_CODE4
    private static final int REQUEST_CODE5
    861:879:private void showAlert(java.lang.String)
    924:924:public static java.lang.String getFileName()
    928:929:public static void setFileName(java.lang.String)
    76:76:static synthetic java.lang.String access$2()
    89:89:static synthetic android.widget.ProgressBar access$3(com.integra.dealcaller.AddItemToShowcase)
    81:81:static synthetic java.lang.String access$4()
    860:860:static synthetic void access$5(com.integra.dealcaller.AddItemToShowcase,java.lang.String)
com.integra.dealcaller.AddItemToShowcase$9
com.integra.dealcaller.AddItemToShowcase$Share
com.integra.dealcaller.AddItemToShowcase$Share$1
com.integra.dealcaller.AddItemToShowcase$Share$2
com.integra.dealcaller.AddItemToShowcase$UploadFileToServer
com.integra.dealcaller.AddItemToShowcase$UploadFileToServer$1
...
butterknife.OnItemSelected
butterknife.OnItemSelected$Callback
butterknife.OnLongClick
butterknife.OnPageChange
butterknife.OnPageChange$Callback
butterknife.OnTextChanged
butterknife.OnTextChanged$Callback
butterknife.OnTouch
butterknife.Optional
butterknife.internal.Binding
butterknife.internal.ButterKnifeProcessor
butterknife.internal.CollectionBinding
butterknife.internal.CollectionBinding$Kind
butterknife.internal.ListenerBinding
butterknife.internal.ListenerClass
butterknife.internal.ListenerClass$NONE
butterknife.internal.ListenerMethod
butterknife.internal.Parameter
butterknife.internal.ViewBinding
butterknife.internal.ViewInjection
butterknife.internal.ViewInjector
butterknife.internal.ViewInjector$1
com.android.volley.AuthFailureError:
    34:36:public AuthFailureError(android.content.Intent)
    43:44:public AuthFailureError(java.lang.String)
    47:48:public AuthFailureError(java.lang.String,java.lang.Exception)
    51:51:public android.content.Intent getResolutionIntent()
com.android.volley.BuildConfig
com.android.volley.Cache:
    public abstract void invalidate(java.lang.String,boolean)
    public abstract void clear()
com.android.volley.DefaultRetryPolicy:
    public static final int DEFAULT_TIMEOUT_MS
    public static final int DEFAULT_MAX_RETRIES
    public static final float DEFAULT_BACKOFF_MULT
com.android.volley.ExecutorDelivery:
    49:51:public ExecutorDelivery(java.util.concurrent.Executor)
com.android.volley.NetworkResponse:
    44:45:public NetworkResponse(byte[])
com.android.volley.Request:
    private static final java.lang.String DEFAULT_PARAMS_ENCODING
    private static final long SLOW_REQUEST_THRESHOLD_MS
    163:163:public java.lang.Object getTag()
    270:273:public final int getSequence()
    464:465:public final com.android.volley.Request setShouldCache(boolean)
com.android.volley.Request$Method
com.android.volley.RequestQueue:
    private static final int DEFAULT_NETWORK_THREAD_POOL_SIZE
    186:193:public void cancelAll(com.android.volley.RequestQueue$RequestFilter)
    200:209:public void cancelAll(java.lang.Object)
com.android.volley.RequestQueue$1
com.android.volley.RequestQueue$RequestFilter
com.android.volley.VolleyError:
    35:37:public VolleyError(java.lang.String)
    40:42:public VolleyError(java.lang.String,java.lang.Throwable)
com.android.volley.VolleyLog:
    41:46:public static void setTag(java.lang.String)
    71:72:public static varargs void wtf(java.lang.Throwable,java.lang.String,java.lang.Object[])
com.android.volley.VolleyLog$MarkerLog:
    private static final long MIN_DURATION_FOR_LOGGING_MS
com.android.volley.toolbox.AndroidAuthenticator
com.android.volley.toolbox.Authenticator
com.android.volley.toolbox.BasicNetwork:
    205:207:protected void logError(java.lang.String,java.lang.String,long)
com.android.volley.toolbox.ClearCacheRequest
com.android.volley.toolbox.DiskBasedCache:
    private static final int DEFAULT_DISK_USAGE_BYTES
    private static final float HYSTERESIS_FACTOR
    private static final int CACHE_MAGIC
    90:99:public synchronized void clear()
    179:188:public synchronized void invalidate(java.lang.String,boolean)
com.android.volley.toolbox.HttpClientStack:
    private static final java.lang.String HEADER_CONTENT_TYPE
    67:71:private static java.util.List getPostParameterPairs(java.util.Map)
com.android.volley.toolbox.HttpClientStack$HttpPatch:
    public static final java.lang.String METHOD_NAME
    176:178:public HttpClientStack$HttpPatch(java.net.URI)
com.android.volley.toolbox.HttpHeaderParser:
    31:31:public HttpHeaderParser()
com.android.volley.toolbox.HurlStack:
    private static final java.lang.String HEADER_CONTENT_TYPE
com.android.volley.toolbox.ImageLoader:
    100:100:public static com.android.volley.toolbox.ImageLoader$ImageListener getImageListener(android.widget.ImageView,int,int)
    154:157:public boolean isCached(java.lang.String,int,int)
    245:246:public void setBatchedResponseDelay(int)